<?xml version="1.0" encoding="UTF-8"?>
<!-- Generated by org.testng.reporters.JUnitXMLReporter -->
<testsuite ignored="0" hostname="kosarau" failures="0" tests="2" name="All tests" time="49.219" errors="0" timestamp="2021-04-16T20:20:02 MSK">
  <testcase classname="framework.googleCloudPriceCalculatorApp.test.HardcoreTest" name="googleCloudPriceEstimateTotalMonthlyCostInEmailIsTheSameAsOnEstimateResultPage" time="22.121"/>
  <testcase classname="framework.googleCloudPriceCalculatorApp.test.HurtMePlentyTest" name="googleCloudPriceEstimateIsCalculatedCorrectly" time="16.543"/>
</testsuite> <!-- All tests -->
