<?xml version="1.0" encoding="UTF-8"?>
<!-- Generated by org.testng.reporters.JUnitXMLReporter -->
<testsuite ignored="0" hostname="kosarau" failures="0" tests="2" name="All tests" time="46.921" errors="0" timestamp="2021-04-16T21:48:38 MSK">
  <testcase classname="framework.googleCloudPriceCalculatorApp.test.HardcoreTest" name="googleCloudPriceEstimateTotalMonthlyCostInEmailIsTheSameAsOnEstimateResultPage" time="22.711"/>
  <testcase classname="framework.googleCloudPriceCalculatorApp.test.HurtMePlentyTest" name="googleCloudPriceEstimateIsCalculatedCorrectly" time="17.875"/>
</testsuite> <!-- All tests -->
