<?xml version="1.0" encoding="UTF-8"?>
<testsuite xmlns:xsi="http://www.w3.org/2001/XMLSchema-instance" xsi:noNamespaceSchemaLocation="https://maven.apache.org/surefire/maven-surefire-plugin/xsd/surefire-test-report-3.0.xsd" version="3.0" name="TestSuite" time="49.36" tests="1" errors="0" skipped="0" failures="0">
  <properties>
[...]
</properties>
  <testcase name="googleCloudPriceEstimateIsCalculatedCorrectly" classname="framework.googleCloudPriceCalculatorApp.test.HurtMePlentyTest" time="17.125">
    <system-out><![CDATA[2021-04-16 20:57:24,310 INFO  [main] framework.googleCloudPriceCalculatorApp.test.CommonConditions.<clinit>(CommonConditions.java:24) START TIME: 20:57:24.305080900
2021-04-16 20:57:24,318 INFO  [main] framework.googleCloudPriceCalculatorApp.test.CommonConditions.<clinit>(CommonConditions.java:28) Clearing build/screenshots directory
2021-04-16 20:58:11,297 INFO  [main] framework.googleCloudPriceCalculatorApp.page.PriceCalculatorComputeEngineParameterEntryPage.addInstanceToEstimate(PriceCalculatorComputeEngineParameterEntryPage.java:122) Estimate is created
]]></system-out>
    <system-err><![CDATA[SLF4J: Failed to load class "org.slf4j.impl.StaticLoggerBinder".
SLF4J: Defaulting to no-operation (NOP) logger implementation
SLF4J: See http://www.slf4j.org/codes.html#StaticLoggerBinder for further details.
Starting MSEdgeDriver 89.0.774.77 (db2dad69e2fd38c07e3bb26f4a9fac74aa4d1414) on port 13638
Only local connections are allowed.
Please see https://chromedriver.chromium.org/security-considerations for suggestions on keeping MSEdgeDriver safe.
MSEdgeDriver was started successfully.
Apr 16, 2021 8:57:54 PM org.openqa.selenium.remote.ProtocolHandshake createSession
INFO: Detected dialect: W3C
Apr 16, 2021 8:57:54 PM org.openqa.selenium.devtools.CdpVersionFinder findNearestMatch
WARNING: Unable to find an exact match for CDP version 89, so returning the closest version found: 86
Apr 16, 2021 8:57:54 PM org.openqa.selenium.devtools.CdpVersionFinder findNearestMatch
INFO: Found CDP implementation for version 89 of 86
]]></system-err>
  </testcase>
</testsuite>