<?xml version="1.0" encoding="UTF-8"?>
<testsuite xmlns:xsi="http://www.w3.org/2001/XMLSchema-instance" xsi:noNamespaceSchemaLocation="https://maven.apache.org/surefire/maven-surefire-plugin/xsd/surefire-test-report-3.0.xsd" version="3.0" name="TestSuite" time="38.165" tests="1" errors="0" skipped="0" failures="1">
  <properties>
[...]
</properties>
  <testcase name="googleCloudPriceEstimateTotalMonthlyCostInEmailIsTheSameAsOnEstimateResultPage" classname="framework.googleCloudPriceCalculatorApp.test.HardcoreTest" time="31.089">
    <failure message="Unable to locate element: //h2[@class = &apos;md-title&apos;]/b[@class = &apos;ng-binding2&apos;]&#10;For documentation on this error, please visit: https://selenium.dev/exceptions/#no_such_element&#10;Build info: version: &apos;4.0.0-alpha-7&apos;, revision: &apos;de8579b6d5&apos;&#10;System info: host: &apos;KOSARAU&apos;, ip: &apos;192.168.100.26&apos;, os.name: &apos;Windows 10&apos;, os.arch: &apos;amd64&apos;, os.version: &apos;10.0&apos;, java.version: &apos;10.0.2&apos;&#10;Driver info: org.openqa.selenium.firefox.FirefoxDriver&#10;Capabilities {acceptInsecureCerts: true, browserName: firefox, browserVersion: 87.0, javascriptEnabled: true, moz:accessibilityChecks: false, moz:buildID: 20210318103112, moz:geckodriverVersion: 0.29.0, moz:headless: false, moz:processID: 9644, moz:profile: C:\Users\kosarau\AppData\Lo..., moz:shutdownTimeout: 60000, moz:useNonSpecCompliantPointerOrigin: false, moz:webdriverClick: true, pageLoadStrategy: normal, platform: WINDOWS, platformName: WINDOWS, platformVersion: 10.0, rotatable: false, setWindowRect: true, strictFileInteractability: false, timeouts: {implicit: 0, pageLoad: 300000, script: 30000}, unhandledPromptBehavior: dismiss and notify}&#10;Session ID: fd65def1-457e-4969-818b-488ad491ffa7&#10;*** Element info: {Using=xpath, value=//h2[@class = &apos;md-title&apos;]/b[@class = &apos;ng-binding2&apos;]}" type="org.openqa.selenium.NoSuchElementException"><![CDATA[org.openqa.selenium.NoSuchElementException: 
Unable to locate element: //h2[@class = 'md-title']/b[@class = 'ng-binding2']
For documentation on this error, please visit: https://selenium.dev/exceptions/#no_such_element
Build info: version: '4.0.0-alpha-7', revision: 'de8579b6d5'
System info: host: 'KOSARAU', ip: '192.168.100.26', os.name: 'Windows 10', os.arch: 'amd64', os.version: '10.0', java.version: '10.0.2'
Driver info: org.openqa.selenium.firefox.FirefoxDriver
Capabilities {acceptInsecureCerts: true, browserName: firefox, browserVersion: 87.0, javascriptEnabled: true, moz:accessibilityChecks: false, moz:buildID: 20210318103112, moz:geckodriverVersion: 0.29.0, moz:headless: false, moz:processID: 9644, moz:profile: C:\Users\kosarau\AppData\Lo..., moz:shutdownTimeout: 60000, moz:useNonSpecCompliantPointerOrigin: false, moz:webdriverClick: true, pageLoadStrategy: normal, platform: WINDOWS, platformName: WINDOWS, platformVersion: 10.0, rotatable: false, setWindowRect: true, strictFileInteractability: false, timeouts: {implicit: 0, pageLoad: 300000, script: 30000}, unhandledPromptBehavior: dismiss and notify}
Session ID: fd65def1-457e-4969-818b-488ad491ffa7
*** Element info: {Using=xpath, value=//h2[@class = 'md-title']/b[@class = 'ng-binding2']}
	at framework.googleCloudPriceCalculatorApp.test.HardcoreTest.googleCloudPriceEstimateTotalMonthlyCostInEmailIsTheSameAsOnEstimateResultPage(HardcoreTest.java:30)
]]></failure>
    <system-out><![CDATA[2021-04-13 19:39:55,528 INFO  [main] framework.googleCloudPriceCalculatorApp.test.CommonConditions.<clinit>(CommonConditions.java:24) START TIME: 19:39:55.521346100
2021-04-13 19:39:55,540 INFO  [main] framework.googleCloudPriceCalculatorApp.test.CommonConditions.<clinit>(CommonConditions.java:28) Clearing build/screenshots directory
2021-04-13 19:40:15,653 INFO  [main] framework.googleCloudPriceCalculatorApp.page.PriceCalculatorComputeEngineParameterEntryPage.addInstanceToEstimate(PriceCalculatorComputeEngineParameterEntryPage.java:122) Estimate is created
2021-04-13 19:40:20,638 INFO  [main] framework.googleCloudPriceCalculatorApp.page.TempMailPage.getEmailEstimateCost(TempMailPage.java:45) Email total cost: USD 1,082.77
2021-04-13 19:40:31,037 ERROR  [main] framework.waits.Waiter.waitUntilElementIsDisplayed(Waiter.java:39) DEBUG: 'Estimate page total cost' value is not displayed on the page

2021-04-13 19:40:31,047 INFO  [main] framework.common.TestListener.takeAndSaveScreenshot(TestListener.java:63) Test googleCloudPriceEstimateTotalMonthlyCostInEmailIsTheSameAsOnEstimateResultPage - FAILED!
2021-04-13 19:40:31,225 INFO  [main] framework.common.TestListener.takeAndSaveScreenshot(TestListener.java:71) Screenshot googleCloudPriceEstimateTotalMonthlyCostInEmailIsTheSameAsOnEstimateResultPage_2021-04-13_19-40-31.png is being saved in build/screenshots
]]></system-out>
    <system-err><![CDATA[SLF4J: Failed to load class "org.slf4j.impl.StaticLoggerBinder".
SLF4J: Defaulting to no-operation (NOP) logger implementation
SLF4J: See http://www.slf4j.org/codes.html#StaticLoggerBinder for further details.
1618331996132	geckodriver	INFO	Listening on 127.0.0.1:29214
1618331997615	mozrunner::runner	INFO	Running command: "C:\\Program Files\\Mozilla Firefox\\firefox.exe" "--marionette" "-foreground" "-no-remote" "-profile" "C:\\Users\\kosarau\\AppData\\Local\\Temp\\rust_mozprofileyRT7NB"
console.warn: SearchSettings: "get: No settings file exists, new profile?" (new Error("", "(unknown module)"))
1618331999731	Marionette	INFO	Listening on port 49174
1618331999783	Marionette	WARN	TLS certificate errors will be ignored for this session
Apr 13, 2021 7:39:59 PM org.openqa.selenium.remote.ProtocolHandshake createSession
INFO: Detected dialect: W3C
JavaScript error: resource://gre/modules/XULStore.jsm, line 66: Error: Can't find profile directory.
JavaScript error: resource://gre/modules/XULStore.jsm, line 66: Error: Can't find profile directory.
]]></system-err>
  </testcase>
</testsuite>