<?xml version="1.0" encoding="UTF-8"?>
<testng-results ignored="0" total="1" passed="1" failed="0" skipped="0">
  <reporter-output>
  </reporter-output>
  <suite started-at="2021-04-16T20:57:24 MSK" name="Smoke" finished-at="2021-04-16T20:58:12 MSK" duration-ms="48170">
    <groups>
    </groups>
    <test started-at="2021-04-16T20:57:24 MSK" name="Hardcore" finished-at="2021-04-16T20:58:12 MSK" duration-ms="48170">
      <class name="framework.googleCloudPriceCalculatorApp.test.HurtMePlentyTest">
        <test-method is-config="true" signature="browserSetUp()[pri:0, instance:framework.googleCloudPriceCalculatorApp.test.HurtMePlentyTest@306851c7]" started-at="2021-04-16T20:57:24 MSK" name="browserSetUp" finished-at="2021-04-16T20:57:54 MSK" duration-ms="30154" status="PASS">
          <reporter-output>
          </reporter-output>
        </test-method> <!-- browserSetUp -->
        <test-method signature="googleCloudPriceEstimateIsCalculatedCorrectly()[pri:0, instance:framework.googleCloudPriceCalculatorApp.test.HurtMePlentyTest@306851c7]" started-at="2021-04-16T20:57:54 MSK" name="googleCloudPriceEstimateIsCalculatedCorrectly" finished-at="2021-04-16T20:58:11 MSK" duration-ms="17182" status="PASS">
          <reporter-output>
          </reporter-output>
        </test-method> <!-- googleCloudPriceEstimateIsCalculatedCorrectly -->
        <test-method is-config="true" signature="browserTearDown()[pri:0, instance:framework.googleCloudPriceCalculatorApp.test.HurtMePlentyTest@306851c7]" started-at="2021-04-16T20:58:11 MSK" name="browserTearDown" finished-at="2021-04-16T20:58:12 MSK" duration-ms="802" status="PASS">
          <reporter-output>
          </reporter-output>
        </test-method> <!-- browserTearDown -->
      </class> <!-- framework.googleCloudPriceCalculatorApp.test.HurtMePlentyTest -->
    </test> <!-- Hardcore -->
  </suite> <!-- Smoke -->
</testng-results>
